[2017-06-20 18:26:13] MicroCMS.INFO: Matched route "{route}". {"route":"article","route_parameters":{"_controller":"MicroCMS\\Controller\\HomeController::articleAction","id":"14","_route":"article"},"request_uri":"http://localhost/MicroCms/web/article/14","method":"POST"} []
[2017-06-20 18:26:13] MicroCMS.CRITICAL: Twig_Error_Runtime: Neither the property "author" nor one of the methods "author()", "getauthor()"/"isauthor()" or "__call()" exist and have public access in class "MicroCMS\Domain\Comment". (uncaught exception) at C:\wamp\www\MicroCms\views\home\article.html.twig line 13 {"exception":"[object] (Twig_Error_Runtime(code: 0): Neither the property \"author\" nor one of the methods \"author()\", \"getauthor()\"/\"isauthor()\" or \"__call()\" exist and have public access in class \"MicroCMS\\Domain\\Comment\". at C:\\wamp\\www\\MicroCms\\views\\home\\article.html.twig:13)"} []
[2017-06-20 18:28:22] MicroCMS.INFO: Matched route "{route}". {"route":"article","route_parameters":{"_controller":"MicroCMS\\Controller\\HomeController::articleAction","id":"14","_route":"article"},"request_uri":"http://localhost/MicroCms/web/article/14","method":"POST"} []
[2017-06-20 18:39:42] MicroCMS.INFO: Matched route "{route}". {"route":"home","route_parameters":{"_controller":"MicroCMS\\Controller\\HomeController::indexAction","_route":"home"},"request_uri":"http://localhost/MicroCms/web/","method":"GET"} []
[2017-06-20 18:39:56] MicroCMS.INFO: Matched route "{route}". {"route":"admin","route_parameters":{"_controller":"MicroCMS\\Controller\\AdminController::indexAction","_route":"admin"},"request_uri":"http://localhost/MicroCms/web/admin","method":"GET"} []
[2017-06-20 18:39:56] MicroCMS.CRITICAL: Twig_Error_Runtime: Neither the property "author" nor one of the methods "author()", "getauthor()"/"isauthor()" or "__call()" exist and have public access in class "MicroCMS\Domain\Comment". (uncaught exception) at C:\wamp\www\MicroCms\views\admin.html.twig line 85 {"exception":"[object] (Twig_Error_Runtime(code: 0): Neither the property \"author\" nor one of the methods \"author()\", \"getauthor()\"/\"isauthor()\" or \"__call()\" exist and have public access in class \"MicroCMS\\Domain\\Comment\". at C:\\wamp\\www\\MicroCms\\views\\admin.html.twig:85)"} []
[2017-06-20 18:39:59] MicroCMS.INFO: Matched route "{route}". {"route":"admin","route_parameters":{"_controller":"MicroCMS\\Controller\\AdminController::indexAction","_route":"admin"},"request_uri":"http://localhost/MicroCms/web/admin","method":"GET"} []
[2017-06-20 18:39:59] MicroCMS.CRITICAL: Twig_Error_Runtime: Neither the property "author" nor one of the methods "author()", "getauthor()"/"isauthor()" or "__call()" exist and have public access in class "MicroCMS\Domain\Comment". (uncaught exception) at C:\wamp\www\MicroCms\views\admin.html.twig line 85 {"exception":"[object] (Twig_Error_Runtime(code: 0): Neither the property \"author\" nor one of the methods \"author()\", \"getauthor()\"/\"isauthor()\" or \"__call()\" exist and have public access in class \"MicroCMS\\Domain\\Comment\". at C:\\wamp\\www\\MicroCms\\views\\admin.html.twig:85)"} []
[2017-06-20 18:42:44] MicroCMS.INFO: Matched route "{route}". {"route":"admin","route_parameters":{"_controller":"MicroCMS\\Controller\\AdminController::indexAction","_route":"admin"},"request_uri":"http://localhost/MicroCms/web/admin","method":"GET"} []
[2017-06-20 18:43:16] MicroCMS.INFO: Matched route "{route}". {"route":"admin","route_parameters":{"_controller":"MicroCMS\\Controller\\AdminController::indexAction","_route":"admin"},"request_uri":"http://localhost/MicroCms/web/admin","method":"GET"} []
[2017-06-20 18:43:22] MicroCMS.INFO: Matched route "{route}". {"route":"home","route_parameters":{"_controller":"MicroCMS\\Controller\\HomeController::indexAction","_route":"home"},"request_uri":"http://localhost/MicroCms/web/","method":"GET"} []
[2017-06-20 18:43:29] MicroCMS.INFO: Matched route "{route}". {"route":"admin","route_parameters":{"_controller":"MicroCMS\\Controller\\AdminController::indexAction","_route":"admin"},"request_uri":"http://localhost/MicroCms/web/admin","method":"GET"} []
[2017-06-20 18:43:35] MicroCMS.INFO: Matched route "{route}". {"route":"admin_article_edit","route_parameters":{"_controller":"MicroCMS\\Controller\\AdminController::editArticleAction","id":"5","_route":"admin_article_edit"},"request_uri":"http://localhost/MicroCms/web/admin/article/5/edit","method":"GET"} []
[2017-06-20 18:44:52] MicroCMS.INFO: Matched route "{route}". {"route":"admin_article_edit","route_parameters":{"_controller":"MicroCMS\\Controller\\AdminController::editArticleAction","id":"5","_route":"admin_article_edit"},"request_uri":"http://localhost/MicroCms/web/admin/article/5/edit","method":"POST"} []
[2017-06-20 18:44:59] MicroCMS.INFO: Matched route "{route}". {"route":"home","route_parameters":{"_controller":"MicroCMS\\Controller\\HomeController::indexAction","_route":"home"},"request_uri":"http://localhost/MicroCms/web/","method":"GET"} []
[2017-06-20 18:47:06] MicroCMS.INFO: Matched route "{route}". {"route":"admin","route_parameters":{"_controller":"MicroCMS\\Controller\\AdminController::indexAction","_route":"admin"},"request_uri":"http://localhost/MicroCms/web/admin","method":"GET"} []
[2017-06-20 18:49:02] MicroCMS.INFO: Matched route "{route}". {"route":"admin_article_edit","route_parameters":{"_controller":"MicroCMS\\Controller\\AdminController::editArticleAction","id":"5","_route":"admin_article_edit"},"request_uri":"http://localhost/MicroCms/web/admin/article/5/edit","method":"GET"} []
[2017-06-20 18:49:08] MicroCMS.INFO: Matched route "{route}". {"route":"admin_article_edit","route_parameters":{"_controller":"MicroCMS\\Controller\\AdminController::editArticleAction","id":"5","_route":"admin_article_edit"},"request_uri":"http://localhost/MicroCms/web/admin/article/5/edit","method":"GET"} []
[2017-06-20 18:49:28] MicroCMS.INFO: Matched route "{route}". {"route":"admin_article_edit","route_parameters":{"_controller":"MicroCMS\\Controller\\AdminController::editArticleAction","id":"5","_route":"admin_article_edit"},"request_uri":"http://localhost/MicroCms/web/admin/article/5/edit","method":"POST"} []
[2017-06-20 18:49:32] MicroCMS.INFO: Matched route "{route}". {"route":"admin","route_parameters":{"_controller":"MicroCMS\\Controller\\AdminController::indexAction","_route":"admin"},"request_uri":"http://localhost/MicroCms/web/admin","method":"GET"} []
[2017-06-20 18:50:19] MicroCMS.INFO: Matched route "{route}". {"route":"admin_article_edit","route_parameters":{"_controller":"MicroCMS\\Controller\\AdminController::editArticleAction","id":"7","_route":"admin_article_edit"},"request_uri":"http://localhost/MicroCms/web/admin/article/7/edit","method":"GET"} []
[2017-06-20 18:50:25] MicroCMS.INFO: Matched route "{route}". {"route":"admin_article_edit","route_parameters":{"_controller":"MicroCMS\\Controller\\AdminController::editArticleAction","id":"10","_route":"admin_article_edit"},"request_uri":"http://localhost/MicroCms/web/admin/article/10/edit","method":"GET"} []
[2017-06-20 18:50:58] MicroCMS.INFO: Matched route "{route}". {"route":"admin_article_edit","route_parameters":{"_controller":"MicroCMS\\Controller\\AdminController::editArticleAction","id":"10","_route":"admin_article_edit"},"request_uri":"http://localhost/MicroCms/web/admin/article/10/edit","method":"POST"} []
[2017-06-20 18:51:05] MicroCMS.INFO: Matched route "{route}". {"route":"home","route_parameters":{"_controller":"MicroCMS\\Controller\\HomeController::indexAction","_route":"home"},"request_uri":"http://localhost/MicroCms/web/","method":"GET"} []
[2017-06-20 18:51:48] MicroCMS.INFO: Matched route "{route}". {"route":"article","route_parameters":{"_controller":"MicroCMS\\Controller\\HomeController::articleAction","id":"5","_route":"article"},"request_uri":"http://localhost/MicroCms/web/article/5","method":"GET"} []
[2017-06-25 22:19:57] MicroCMS.INFO: Matched route "{route}". {"route":"home","route_parameters":{"_controller":"MicroCMS\\Controller\\HomeController::indexAction","_route":"home"},"request_uri":"http://localhost/MicroCms/web/","method":"GET"} []
[2017-06-25 22:19:57] MicroCMS.INFO: Populated the TokenStorage with an anonymous Token. [] []
[2017-06-25 22:20:19] MicroCMS.INFO: Matched route "{route}". {"route":"login","route_parameters":{"_controller":"MicroCMS\\Controller\\HomeController::loginAction","_route":"login"},"request_uri":"http://localhost/MicroCms/web/login","method":"GET"} []
[2017-06-25 22:20:19] MicroCMS.INFO: Populated the TokenStorage with an anonymous Token. [] []
[2017-06-25 22:20:23] MicroCMS.INFO: Matched route "{route}". {"route":"login_check","route_parameters":{"_controller":null,"_route":"login_check"},"request_uri":"http://localhost/MicroCms/web/login_check","method":"POST"} []
[2017-06-25 22:20:24] MicroCMS.INFO: User has been authenticated successfully. {"username":"admin"} []
[2017-06-25 22:20:24] MicroCMS.INFO: Matched route "{route}". {"route":"home","route_parameters":{"_controller":"MicroCMS\\Controller\\HomeController::indexAction","_route":"home"},"request_uri":"http://localhost/MicroCms/web/","method":"GET"} []
[2017-06-25 22:20:28] MicroCMS.INFO: Matched route "{route}". {"route":"admin","route_parameters":{"_controller":"MicroCMS\\Controller\\AdminController::indexAction","_route":"admin"},"request_uri":"http://localhost/MicroCms/web/admin","method":"GET"} []
[2017-06-25 22:20:35] MicroCMS.INFO: Matched route "{route}". {"route":"admin_article_add","route_parameters":{"_controller":"MicroCMS\\Controller\\AdminController::addArticleAction","_route":"admin_article_add"},"request_uri":"http://localhost/MicroCms/web/admin/article/add","method":"GET"} []
[2017-06-25 22:21:45] MicroCMS.INFO: Matched route "{route}". {"route":"home","route_parameters":{"_controller":"MicroCMS\\Controller\\HomeController::indexAction","_route":"home"},"request_uri":"http://localhost/","method":"GET"} []
[2017-06-25 22:21:45] MicroCMS.INFO: Populated the TokenStorage with an anonymous Token. [] []
[2017-06-25 22:21:46] MicroCMS.INFO: Matched route "{route}". {"route":"article","route_parameters":{"_controller":"MicroCMS\\Controller\\HomeController::articleAction","id":"1","_route":"article"},"request_uri":"http://localhost/article/1","method":"GET"} []
[2017-06-25 22:21:46] MicroCMS.INFO: Populated the TokenStorage with an anonymous Token. [] []
[2017-06-25 22:21:46] MicroCMS.CRITICAL: Exception: No article matching id 1 (uncaught exception) at C:\wamp\www\MicroCms\src\DAO\ArticleDAO.php line 35 {"exception":"[object] (Exception(code: 0): No article matching id 1 at C:\\wamp\\www\\MicroCms\\src\\DAO\\ArticleDAO.php:35)"} []
[2017-06-25 22:21:46] MicroCMS.INFO: Matched route "{route}". {"route":"login","route_parameters":{"_controller":"MicroCMS\\Controller\\HomeController::loginAction","_route":"login"},"request_uri":"http://localhost/login","method":"GET"} []
[2017-06-25 22:21:46] MicroCMS.INFO: Populated the TokenStorage with an anonymous Token. [] []
[2017-06-25 22:21:46] MicroCMS.INFO: Matched route "{route}". {"route":"admin","route_parameters":{"_controller":"MicroCMS\\Controller\\AdminController::indexAction","_route":"admin"},"request_uri":"http://localhost/admin","method":"GET"} []
[2017-06-25 22:21:46] MicroCMS.INFO: Populated the TokenStorage with an anonymous Token. [] []
[2017-06-25 22:21:46] MicroCMS.INFO: Matched route "{route}". {"route":"admin_article_add","route_parameters":{"_controller":"MicroCMS\\Controller\\AdminController::addArticleAction","_route":"admin_article_add"},"request_uri":"http://localhost/admin/article/add","method":"GET"} []
[2017-06-25 22:21:46] MicroCMS.INFO: Populated the TokenStorage with an anonymous Token. [] []
[2017-06-25 22:21:48] MicroCMS.INFO: Matched route "{route}". {"route":"admin_article_edit","route_parameters":{"_controller":"MicroCMS\\Controller\\AdminController::editArticleAction","id":"1","_route":"admin_article_edit"},"request_uri":"http://localhost/admin/article/1/edit","method":"GET"} []
[2017-06-25 22:21:48] MicroCMS.INFO: Populated the TokenStorage with an anonymous Token. [] []
[2017-06-25 22:21:48] MicroCMS.CRITICAL: Exception: No article matching id 1 (uncaught exception) at C:\wamp\www\MicroCms\src\DAO\ArticleDAO.php line 35 {"exception":"[object] (Exception(code: 0): No article matching id 1 at C:\\wamp\\www\\MicroCms\\src\\DAO\\ArticleDAO.php:35)"} []
[2017-06-25 22:21:48] MicroCMS.INFO: Matched route "{route}". {"route":"admin_comment_edit","route_parameters":{"_controller":"MicroCMS\\Controller\\AdminController::editCommentAction","id":"1","_route":"admin_comment_edit"},"request_uri":"http://localhost/admin/comment/1/edit","method":"GET"} []
[2017-06-25 22:21:48] MicroCMS.INFO: Populated the TokenStorage with an anonymous Token. [] []
[2017-06-25 22:21:48] MicroCMS.CRITICAL: Exception: No comment matching id 1 (uncaught exception) at C:\wamp\www\MicroCms\src\DAO\CommentDAO.php line 74 {"exception":"[object] (Exception(code: 0): No comment matching id 1 at C:\\wamp\\www\\MicroCms\\src\\DAO\\CommentDAO.php:74)"} []
[2017-06-25 22:21:48] MicroCMS.INFO: Matched route "{route}". {"route":"admin_user_add","route_parameters":{"_controller":"MicroCMS\\Controller\\AdminController::addUserAction","_route":"admin_user_add"},"request_uri":"http://localhost/admin/user/add","method":"GET"} []
[2017-06-25 22:21:48] MicroCMS.INFO: Populated the TokenStorage with an anonymous Token. [] []
[2017-06-25 22:21:49] MicroCMS.INFO: Matched route "{route}". {"route":"admin_user_edit","route_parameters":{"_controller":"MicroCMS\\Controller\\AdminController::editUserAction","id":"1","_route":"admin_user_edit"},"request_uri":"http://localhost/admin/user/1/edit","method":"GET"} []
[2017-06-25 22:21:49] MicroCMS.INFO: Populated the TokenStorage with an anonymous Token. [] []
[2017-06-26 16:13:20] MicroCMS.INFO: Matched route "{route}". {"route":"home","route_parameters":{"_controller":"MicroCMS\\Controller\\HomeController::indexAction","_route":"home"},"request_uri":"http://localhost/MicroCms/web/","method":"GET"} []
[2017-06-26 16:13:20] MicroCMS.INFO: Populated the TokenStorage with an anonymous Token. [] []
[2017-06-26 16:13:25] MicroCMS.INFO: Matched route "{route}". {"route":"article","route_parameters":{"_controller":"MicroCMS\\Controller\\HomeController::articleAction","id":"12","_route":"article"},"request_uri":"http://localhost/MicroCms/web/article/12","method":"GET"} []
[2017-06-26 16:13:25] MicroCMS.INFO: Populated the TokenStorage with an anonymous Token. [] []
[2017-06-26 16:14:22] MicroCMS.INFO: Matched route "{route}". {"route":"home","route_parameters":{"_controller":"MicroCMS\\Controller\\HomeController::indexAction","_route":"home"},"request_uri":"http://localhost/MicroCms/web/","method":"GET"} []
[2017-06-26 16:14:22] MicroCMS.INFO: Populated the TokenStorage with an anonymous Token. [] []
[2017-06-26 16:17:08] MicroCMS.INFO: Matched route "{route}". {"route":"article","route_parameters":{"_controller":"MicroCMS\\Controller\\HomeController::articleAction","id":"14","_route":"article"},"request_uri":"http://localhost/MicroCms/web/article/14","method":"GET"} []
[2017-06-26 16:17:08] MicroCMS.INFO: Populated the TokenStorage with an anonymous Token. [] []
[2017-06-26 16:21:16] MicroCMS.INFO: Matched route "{route}". {"route":"home","route_parameters":{"_controller":"MicroCMS\\Controller\\HomeController::indexAction","_route":"home"},"request_uri":"http://localhost/MicroCms/web/","method":"GET"} []
[2017-06-26 16:21:16] MicroCMS.INFO: Populated the TokenStorage with an anonymous Token. [] []
[2017-06-26 16:22:20] MicroCMS.INFO: Matched route "{route}". {"route":"login","route_parameters":{"_controller":"MicroCMS\\Controller\\HomeController::loginAction","_route":"login"},"request_uri":"http://localhost/MicroCms/web/login","method":"GET"} []
[2017-06-26 16:22:20] MicroCMS.INFO: Populated the TokenStorage with an anonymous Token. [] []
[2017-06-26 16:22:23] MicroCMS.INFO: Matched route "{route}". {"route":"login_check","route_parameters":{"_controller":null,"_route":"login_check"},"request_uri":"http://localhost/MicroCms/web/login_check","method":"POST"} []
[2017-06-26 16:22:24] MicroCMS.INFO: User has been authenticated successfully. {"username":"admin"} []
[2017-06-26 16:22:24] MicroCMS.INFO: Matched route "{route}". {"route":"home","route_parameters":{"_controller":"MicroCMS\\Controller\\HomeController::indexAction","_route":"home"},"request_uri":"http://localhost/MicroCms/web/","method":"GET"} []
[2017-06-26 16:22:32] MicroCMS.INFO: Matched route "{route}". {"route":"admin","route_parameters":{"_controller":"MicroCMS\\Controller\\AdminController::indexAction","_route":"admin"},"request_uri":"http://localhost/MicroCms/web/admin","method":"GET"} []
[2017-06-26 16:22:38] MicroCMS.INFO: Matched route "{route}". {"route":"admin_article_delete","route_parameters":{"_controller":"MicroCMS\\Controller\\AdminController::deleteArticleAction","id":"15","_route":"admin_article_delete"},"request_uri":"http://localhost/MicroCms/web/admin/article/15/delete","method":"GET"} []
[2017-06-26 16:22:38] MicroCMS.INFO: Matched route "{route}". {"route":"admin","route_parameters":{"_controller":"MicroCMS\\Controller\\AdminController::indexAction","_route":"admin"},"request_uri":"http://localhost/MicroCms/web/admin","method":"GET"} []
[2017-06-26 16:22:44] MicroCMS.INFO: Matched route "{route}". {"route":"admin_article_edit","route_parameters":{"_controller":"MicroCMS\\Controller\\AdminController::editArticleAction","id":"5","_route":"admin_article_edit"},"request_uri":"http://localhost/MicroCms/web/admin/article/5/edit","method":"GET"} []
[2017-06-26 16:24:09] MicroCMS.INFO: Matched route "{route}". {"route":"admin_article_edit","route_parameters":{"_controller":"MicroCMS\\Controller\\AdminController::editArticleAction","id":"5","_route":"admin_article_edit"},"request_uri":"http://localhost/MicroCms/web/admin/article/5/edit","method":"POST"} []
[2017-06-26 16:24:14] MicroCMS.INFO: Matched route "{route}". {"route":"home","route_parameters":{"_controller":"MicroCMS\\Controller\\HomeController::indexAction","_route":"home"},"request_uri":"http://localhost/MicroCms/web/","method":"GET"} []
[2017-06-26 16:24:30] MicroCMS.INFO: Matched route "{route}". {"route":"admin","route_parameters":{"_controller":"MicroCMS\\Controller\\AdminController::indexAction","_route":"admin"},"request_uri":"http://localhost/MicroCms/web/admin","method":"GET"} []
[2017-06-26 16:24:34] MicroCMS.INFO: Matched route "{route}". {"route":"admin_article_edit","route_parameters":{"_controller":"MicroCMS\\Controller\\AdminController::editArticleAction","id":"5","_route":"admin_article_edit"},"request_uri":"http://localhost/MicroCms/web/admin/article/5/edit","method":"GET"} []
[2017-06-26 16:24:50] MicroCMS.INFO: Matched route "{route}". {"route":"admin_article_edit","route_parameters":{"_controller":"MicroCMS\\Controller\\AdminController::editArticleAction","id":"5","_route":"admin_article_edit"},"request_uri":"http://localhost/MicroCms/web/admin/article/5/edit","method":"POST"} []
[2017-06-26 16:24:53] MicroCMS.INFO: Matched route "{route}". {"route":"home","route_parameters":{"_controller":"MicroCMS\\Controller\\HomeController::indexAction","_route":"home"},"request_uri":"http://localhost/MicroCms/web/","method":"GET"} []
[2017-06-26 17:20:09] MicroCMS.INFO: Matched route "{route}". {"route":"admin","route_parameters":{"_controller":"MicroCMS\\Controller\\AdminController::indexAction","_route":"admin"},"request_uri":"http://localhost/MicroCms/web/admin","method":"GET"} []
[2017-06-27 15:10:59] MicroCMS.INFO: Matched route "{route}". {"route":"home","route_parameters":{"_controller":"MicroCMS\\Controller\\HomeController::indexAction","_route":"home"},"request_uri":"http://localhost/MicroCms/web/","method":"GET"} []
[2017-06-27 15:10:59] MicroCMS.INFO: Populated the TokenStorage with an anonymous Token. [] []
[2017-06-27 15:13:17] MicroCMS.INFO: Matched route "{route}". {"route":"login","route_parameters":{"_controller":"MicroCMS\\Controller\\HomeController::loginAction","_route":"login"},"request_uri":"http://localhost/MicroCms/web/login","method":"GET"} []
[2017-06-27 15:13:17] MicroCMS.INFO: Populated the TokenStorage with an anonymous Token. [] []
[2017-06-27 15:13:20] MicroCMS.INFO: Matched route "{route}". {"route":"login_check","route_parameters":{"_controller":null,"_route":"login_check"},"request_uri":"http://localhost/MicroCms/web/login_check","method":"POST"} []
[2017-06-27 15:13:21] MicroCMS.INFO: User has been authenticated successfully. {"username":"admin"} []
[2017-06-27 15:13:21] MicroCMS.INFO: Matched route "{route}". {"route":"home","route_parameters":{"_controller":"MicroCMS\\Controller\\HomeController::indexAction","_route":"home"},"request_uri":"http://localhost/MicroCms/web/","method":"GET"} []
[2017-06-27 15:13:23] MicroCMS.INFO: Matched route "{route}". {"route":"admin","route_parameters":{"_controller":"MicroCMS\\Controller\\AdminController::indexAction","_route":"admin"},"request_uri":"http://localhost/MicroCms/web/admin","method":"GET"} []
[2017-06-27 15:13:30] MicroCMS.INFO: Matched route "{route}". {"route":"article","route_parameters":{"_controller":"MicroCMS\\Controller\\HomeController::articleAction","id":"5","_route":"article"},"request_uri":"http://localhost/MicroCms/web/article/5","method":"GET"} []
[2017-06-27 15:13:48] MicroCMS.INFO: Matched route "{route}". {"route":"admin","route_parameters":{"_controller":"MicroCMS\\Controller\\AdminController::indexAction","_route":"admin"},"request_uri":"http://localhost/MicroCms/web/admin","method":"GET"} []
[2017-06-27 15:13:51] MicroCMS.INFO: Matched route "{route}". {"route":"admin_article_edit","route_parameters":{"_controller":"MicroCMS\\Controller\\AdminController::editArticleAction","id":"5","_route":"admin_article_edit"},"request_uri":"http://localhost/MicroCms/web/admin/article/5/edit","method":"GET"} []
[2017-06-27 15:15:03] MicroCMS.INFO: Matched route "{route}". {"route":"admin_article_edit","route_parameters":{"_controller":"MicroCMS\\Controller\\AdminController::editArticleAction","id":"5","_route":"admin_article_edit"},"request_uri":"http://localhost/MicroCms/web/admin/article/5/edit","method":"POST"} []
[2017-06-27 15:15:06] MicroCMS.INFO: Matched route "{route}". {"route":"home","route_parameters":{"_controller":"MicroCMS\\Controller\\HomeController::indexAction","_route":"home"},"request_uri":"http://localhost/MicroCms/web/","method":"GET"} []
[2017-06-27 15:15:30] MicroCMS.INFO: Matched route "{route}". {"route":"admin","route_parameters":{"_controller":"MicroCMS\\Controller\\AdminController::indexAction","_route":"admin"},"request_uri":"http://localhost/MicroCms/web/admin","method":"GET"} []
[2017-06-27 15:15:39] MicroCMS.INFO: Matched route "{route}". {"route":"logout","route_parameters":{"_controller":null,"_route":"logout"},"request_uri":"http://localhost/MicroCms/web/logout","method":"GET"} []
[2017-06-27 15:15:39] MicroCMS.INFO: Matched route "{route}". {"route":"home","route_parameters":{"_controller":"MicroCMS\\Controller\\HomeController::indexAction","_route":"home"},"request_uri":"http://localhost/MicroCms/web/","method":"GET"} []
[2017-06-27 15:15:39] MicroCMS.INFO: Populated the TokenStorage with an anonymous Token. [] []
[2017-06-27 15:15:41] MicroCMS.INFO: Matched route "{route}". {"route":"article","route_parameters":{"_controller":"MicroCMS\\Controller\\HomeController::articleAction","id":"14","_route":"article"},"request_uri":"http://localhost/MicroCms/web/article/14","method":"GET"} []
[2017-06-27 15:15:41] MicroCMS.INFO: Populated the TokenStorage with an anonymous Token. [] []
[2017-06-27 15:15:59] MicroCMS.INFO: Matched route "{route}". {"route":"home","route_parameters":{"_controller":"MicroCMS\\Controller\\HomeController::indexAction","_route":"home"},"request_uri":"http://localhost/MicroCms/web/","method":"GET"} []
[2017-06-27 15:15:59] MicroCMS.INFO: Populated the TokenStorage with an anonymous Token. [] []
[2017-06-27 15:26:23] MicroCMS.INFO: Matched route "{route}". {"route":"home","route_parameters":{"_controller":"MicroCMS\\Controller\\HomeController::indexAction","_route":"home"},"request_uri":"http://localhost/MicroCms/web/","method":"GET"} []
[2017-06-27 15:26:23] MicroCMS.INFO: Populated the TokenStorage with an anonymous Token. [] []
[2017-06-27 15:26:26] MicroCMS.INFO: Matched route "{route}". {"route":"article","route_parameters":{"_controller":"MicroCMS\\Controller\\HomeController::articleAction","id":"9","_route":"article"},"request_uri":"http://localhost/MicroCms/web/article/9","method":"GET"} []
[2017-06-27 15:26:26] MicroCMS.INFO: Populated the TokenStorage with an anonymous Token. [] []
[2017-06-27 15:45:48] MicroCMS.INFO: Matched route "{route}". {"route":"home","route_parameters":{"_controller":"MicroCMS\\Controller\\HomeController::indexAction","_route":"home"},"request_uri":"http://localhost/MicroCms/web/","method":"GET"} []
[2017-06-27 15:45:48] MicroCMS.INFO: Populated the TokenStorage with an anonymous Token. [] []
[2017-06-27 15:45:50] MicroCMS.INFO: Matched route "{route}". {"route":"article","route_parameters":{"_controller":"MicroCMS\\Controller\\HomeController::articleAction","id":"13","_route":"article"},"request_uri":"http://localhost/MicroCms/web/article/13","method":"GET"} []
[2017-06-27 15:45:50] MicroCMS.INFO: Populated the TokenStorage with an anonymous Token. [] []
[2017-06-27 16:06:53] MicroCMS.INFO: Matched route "{route}". {"route":"home","route_parameters":{"_controller":"MicroCMS\\Controller\\HomeController::indexAction","_route":"home"},"request_uri":"http://localhost/MicroCms/web/","method":"GET"} []
[2017-06-27 16:06:53] MicroCMS.INFO: Populated the TokenStorage with an anonymous Token. [] []
[2017-06-27 16:08:35] MicroCMS.INFO: Matched route "{route}". {"route":"home","route_parameters":{"_controller":"MicroCMS\\Controller\\HomeController::indexAction","_route":"home"},"request_uri":"http://localhost/MicroCms/web/","method":"GET"} []
[2017-06-27 16:08:35] MicroCMS.INFO: Populated the TokenStorage with an anonymous Token. [] []
[2017-06-27 16:08:59] MicroCMS.INFO: Matched route "{route}". {"route":"login","route_parameters":{"_controller":"MicroCMS\\Controller\\HomeController::loginAction","_route":"login"},"request_uri":"http://localhost/MicroCms/web/login","method":"GET"} []
[2017-06-27 16:08:59] MicroCMS.INFO: Populated the TokenStorage with an anonymous Token. [] []
[2017-06-27 16:09:04] MicroCMS.INFO: Matched route "{route}". {"route":"login_check","route_parameters":{"_controller":null,"_route":"login_check"},"request_uri":"http://localhost/MicroCms/web/login_check","method":"POST"} []
[2017-06-27 16:09:05] MicroCMS.INFO: User has been authenticated successfully. {"username":"admin"} []
[2017-06-27 16:09:05] MicroCMS.INFO: Matched route "{route}". {"route":"home","route_parameters":{"_controller":"MicroCMS\\Controller\\HomeController::indexAction","_route":"home"},"request_uri":"http://localhost/MicroCms/web/","method":"GET"} []
[2017-06-27 16:10:01] MicroCMS.INFO: Matched route "{route}". {"route":"admin","route_parameters":{"_controller":"MicroCMS\\Controller\\AdminController::indexAction","_route":"admin"},"request_uri":"http://localhost/MicroCms/web/admin","method":"GET"} []
[2017-06-27 16:18:56] MicroCMS.INFO: Matched route "{route}". {"route":"admin","route_parameters":{"_controller":"MicroCMS\\Controller\\AdminController::indexAction","_route":"admin"},"request_uri":"http://localhost/MicroCms/web/admin","method":"GET"} []
[2017-06-27 16:19:10] MicroCMS.INFO: Matched route "{route}". {"route":"home","route_parameters":{"_controller":"MicroCMS\\Controller\\HomeController::indexAction","_route":"home"},"request_uri":"http://localhost/MicroCms/web/","method":"GET"} []
[2017-06-27 16:21:30] MicroCMS.INFO: Matched route "{route}". {"route":"home","route_parameters":{"_controller":"MicroCMS\\Controller\\HomeController::indexAction","_route":"home"},"request_uri":"http://localhost/MicroCms/web/","method":"GET"} []
[2017-06-27 16:22:41] MicroCMS.INFO: Matched route "{route}". {"route":"admin","route_parameters":{"_controller":"MicroCMS\\Controller\\AdminController::indexAction","_route":"admin"},"request_uri":"http://localhost/MicroCms/web/admin","method":"GET"} []
[2017-06-27 16:22:44] MicroCMS.INFO: Matched route "{route}". {"route":"admin_article_add","route_parameters":{"_controller":"MicroCMS\\Controller\\AdminController::addArticleAction","_route":"admin_article_add"},"request_uri":"http://localhost/MicroCms/web/admin/article/add","method":"GET"} []
[2017-06-27 16:23:32] MicroCMS.INFO: Matched route "{route}". {"route":"admin_article_add","route_parameters":{"_controller":"MicroCMS\\Controller\\AdminController::addArticleAction","_route":"admin_article_add"},"request_uri":"http://localhost/MicroCms/web/admin/article/add","method":"GET"} []
[2017-06-27 16:23:35] MicroCMS.INFO: Matched route "{route}". {"route":"admin_article_add","route_parameters":{"_controller":"MicroCMS\\Controller\\AdminController::addArticleAction","_route":"admin_article_add"},"request_uri":"http://localhost/MicroCms/web/admin/article/add","method":"POST"} []
[2017-06-27 16:23:49] MicroCMS.INFO: Matched route "{route}". {"route":"home","route_parameters":{"_controller":"MicroCMS\\Controller\\HomeController::indexAction","_route":"home"},"request_uri":"http://localhost/MicroCms/web/","method":"GET"} []
[2017-06-27 16:31:56] MicroCMS.INFO: Matched route "{route}". {"route":"home","route_parameters":{"_controller":"MicroCMS\\Controller\\HomeController::indexAction","_route":"home"},"request_uri":"http://localhost/MicroCms/web/","method":"GET"} []
[2017-06-27 16:47:44] MicroCMS.INFO: Matched route "{route}". {"route":"home","route_parameters":{"_controller":"MicroCMS\\Controller\\HomeController::indexAction","page":1,"_route":"home"},"request_uri":"http://localhost/MicroCms/web/","method":"GET"} []
[2017-06-27 16:48:01] MicroCMS.INFO: Matched route "{route}". {"route":"home","route_parameters":{"_controller":"MicroCMS\\Controller\\HomeController::indexAction","page":"2","_route":"home"},"request_uri":"http://localhost/MicroCms/web/2","method":"GET"} []
[2017-06-27 16:48:06] MicroCMS.INFO: Matched route "{route}". {"route":"home","route_parameters":{"_controller":"MicroCMS\\Controller\\HomeController::indexAction","page":"3","_route":"home"},"request_uri":"http://localhost/MicroCms/web/3","method":"GET"} []
